
ROM used:   159/2048 (8%)
            159/2048 (8%) including unused fragments

            0.3 Average locations per line
            6.4 Average locations per statement

RAM used:   6/224 (3%) at main() level
            9/224 (4%) worst case

Stack used: 1 worst case (1 in main + 0 for interrupts)
Stack size: 8

Lines Stmts  %   Files
----- ----- ---  -----
   51    25 100  main.c
  518     0   0  ..\..\..\..\..\..\Program Files (x86)\PICC\Devices\16f628a.h
----- -----
  569    25 Total

Page ROM  %  RAM   Vol Diff  Functions:
---- --- --- ---   --- ----  ----------
0     21  13    1             @delay_ms1
0    134  84    1   768  7.5  main
 Inline         0             @cinit1

Program metrics:
    Functions               1
    Statements              25
    Comments                101
    Volume (V)              772
    Difficulty (D)          7.3
    Effort to implement (E) 5600
    Time to implement (T)   5 minutes
    Est Delivered Bugs (B)  0
    Cyclomatic Complexity   3
    Maintainability (MI)    91

 Segment     Used  Free
-----------  ----  ----
00000-00003     4  0  
00004-007FF   155  1889  



