CCS PCM C Compiler, Version 5.015, 5967               12-oct.-21 19:49

               Filename:   C:\Users\rober\Documents\universidad\microcontrolladores\one\main.lst

               ROM used:   64 words (3%)
                           Largest free fragment is 1984
               RAM used:   7 (3%) at main() level
                           8 (4%) worst case
               Stack used: 1 locations
               Stack size: 8

*
0000:  MOVLW  00
0001:  MOVWF  0A
0002:  GOTO   019
0003:  NOP
.................... #include<16f628a.h> 
.................... //////////// Standard Header file for the PIC16F628A device //////////////// 
.................... /////////////////////////////////////////////////////////////////////////// 
.................... ////        (C) Copyright 1996, 2013 Custom Computer Services          //// 
.................... //// This source code may only be used by licensed users of the CCS C  //// 
.................... //// compiler.  This source code may only be distributed to other      //// 
.................... //// licensed users of the CCS C compiler.  No other use, reproduction //// 
.................... //// or distribution is permitted without written permission.          //// 
.................... //// Derivative programs created using this software in object code    //// 
.................... //// form are not restricted in any way.                               //// 
.................... /////////////////////////////////////////////////////////////////////////// 
.................... #device PIC16F628A 
....................  
.................... #list 
....................  
.................... #fuses INTRC,NOMCLR, NOWDT 
.................... //oscilador interno no master clear,no watch dot timer(bucles infinitos) 
.................... #use delay(clock=4M) 
0004:  MOVLW  23
0005:  MOVWF  04
0006:  BCF    03.7
0007:  MOVF   00,W
0008:  BTFSC  03.2
0009:  GOTO   018
000A:  MOVLW  01
000B:  MOVWF  78
000C:  CLRF   77
000D:  DECFSZ 77,F
000E:  GOTO   00D
000F:  DECFSZ 78,F
0010:  GOTO   00C
0011:  MOVLW  4A
0012:  MOVWF  77
0013:  DECFSZ 77,F
0014:  GOTO   013
0015:  GOTO   016
0016:  DECFSZ 00,F
0017:  GOTO   00A
0018:  RETURN
....................  
.................... #use standard_io(B)//configura puertos etc 
....................  
.................... void main(){ 
0019:  MOVF   03,W
001A:  ANDLW  1F
001B:  MOVWF  03
001C:  BSF    03.5
001D:  BSF    0E.3
001E:  MOVLW  07
001F:  BCF    03.5
0020:  MOVWF  1F
0021:  BCF    03.7
0022:  CLRF   21
....................  
....................    int i = 0; 
....................    while( i < 5 ){ 
0023:  MOVF   21,W
0024:  SUBLW  04
0025:  BTFSS  03.0
0026:  GOTO   03F
....................       output_high(pin_b0); 
0027:  BSF    03.5
0028:  BCF    06.0
0029:  BCF    03.5
002A:  BSF    06.0
....................       delay_ms(500); 
002B:  MOVLW  02
002C:  MOVWF  22
002D:  MOVLW  FA
002E:  MOVWF  23
002F:  CALL   004
0030:  DECFSZ 22,F
0031:  GOTO   02D
....................       output_low(pin_b0); 
0032:  BSF    03.5
0033:  BCF    06.0
0034:  BCF    03.5
0035:  BCF    06.0
....................       delay_ms(500); 
0036:  MOVLW  02
0037:  MOVWF  22
0038:  MOVLW  FA
0039:  MOVWF  23
003A:  CALL   004
003B:  DECFSZ 22,F
003C:  GOTO   038
....................       i++; 
003D:  INCF   21,F
003E:  GOTO   023
....................    } 
....................     
....................     
.................... } 
....................  
003F:  SLEEP

Configuration Fuses:
   Word  1: 3F51   NOWDT PUT INTRC NOMCLR BROWNOUT NOLVP NOCPD NOPROTECT
