
ROM used:   22/2048 (1%)
            22/2048 (1%) including unused fragments

            0.0 Average locations per line
            4.4 Average locations per statement

RAM used:   5/224 (2%) at main() level
            5/224 (2%) worst case

Stack used: 0 worst case (0 in main + 0 for interrupts)
Stack size: 8

Lines Stmts  %   Files
----- ----- ---  -----
   17     5 100  main.c
  518     0   0  ..\..\..\..\..\..\Program Files (x86)\PICC\Devices\16f628a.h
----- -----
  535     5 Total

Page ROM  %  RAM   Vol Diff  Functions:
---- --- --- ---   --- ----  ----------
0     18  82    0    69  1.9  main
 Inline         0             @cinit1

Program metrics:
    Functions               1
    Statements              5
    Comments                102
    Volume (V)              70
    Difficulty (D)          1.8
    Effort to implement (E) 123
    Time to implement (T)   0 minutes
    Est Delivered Bugs (B)  0
    Cyclomatic Complexity   1
    Maintainability (MI)    126

 Segment     Used  Free
-----------  ----  ----
00000-00003     4  0  
00004-007FF    18  2026  



