
ROM used:   64/2048 (3%)
            64/2048 (3%) including unused fragments

            0.1 Average locations per line
            9.1 Average locations per statement

RAM used:   7/224 (3%) at main() level
            8/224 (4%) worst case

Stack used: 1 worst case (1 in main + 0 for interrupts)
Stack size: 8

Lines Stmts  %   Files
----- ----- ---  -----
   21     7 100  main.c
  518     0   0  ..\..\..\..\..\..\Program Files (x86)\PICC\Devices\16f628a.h
----- -----
  539     7 Total

Page ROM  %  RAM   Vol Diff  Functions:
---- --- --- ---   --- ----  ----------
0     21  33    1             @delay_ms1
0     39  61    2   145  3.1  main
 Inline         0             @cinit1

Program metrics:
    Functions               1
    Statements              7
    Comments                102
    Volume (V)              149
    Difficulty (D)          2.7
    Effort to implement (E) 405
    Time to implement (T)   0 minutes
    Est Delivered Bugs (B)  0
    Cyclomatic Complexity   1
    Maintainability (MI)    116

 Segment     Used  Free
-----------  ----  ----
00000-00003     4  0  
00004-007FF    60  1984  



