
ROM used:   58/2048 (3%)
            58/2048 (3%) including unused fragments

            0.1 Average locations per line
            9.7 Average locations per statement

RAM used:   6/224 (3%) at main() level
            7/224 (3%) worst case

Stack used: 1 worst case (1 in main + 0 for interrupts)
Stack size: 8

Lines Stmts  %   Files
----- ----- ---  -----
   21     6 100  main.c
  518     0   0  ..\..\..\..\..\..\Program Files (x86)\PICC\Devices\16f628a.h
----- -----
  539     6 Total

Page ROM  %  RAM   Vol Diff  Functions:
---- --- --- ---   --- ----  ----------
0     21  36    1    13  1.0  @delay_ms1
0     33  57    1    86  1.6  main
 Inline         0             @cinit1

Program metrics:
    Functions               2
    Statements              6
    Comments                102
    Volume (V)              120
    Difficulty (D)          2.9
    Effort to implement (E) 344
    Time to implement (T)   0 minutes
    Est Delivered Bugs (B)  0
    Cyclomatic Complexity   1
    Maintainability (MI)    82

 Segment     Used  Free
-----------  ----  ----
00000-00003     4  0  
00004-007FF    54  1990  



