CCS PCM C Compiler, Version 5.015, 5967               12-oct.-21 19:45

               Filename:   C:\Users\rober\Documents\universidad\microcontrolladores\primer-project\main.lst

               ROM used:   58 words (3%)
                           Largest free fragment is 1990
               RAM used:   6 (3%) at main() level
                           7 (3%) worst case
               Stack used: 1 locations
               Stack size: 8

*
0000:  MOVLW  00
0001:  MOVWF  0A
0002:  GOTO   019
0003:  NOP
.................... #include<16f628a.h> 
.................... //////////// Standard Header file for the PIC16F628A device //////////////// 
.................... /////////////////////////////////////////////////////////////////////////// 
.................... ////        (C) Copyright 1996, 2013 Custom Computer Services          //// 
.................... //// This source code may only be used by licensed users of the CCS C  //// 
.................... //// compiler.  This source code may only be distributed to other      //// 
.................... //// licensed users of the CCS C compiler.  No other use, reproduction //// 
.................... //// or distribution is permitted without written permission.          //// 
.................... //// Derivative programs created using this software in object code    //// 
.................... //// form are not restricted in any way.                               //// 
.................... /////////////////////////////////////////////////////////////////////////// 
.................... #device PIC16F628A 
....................  
.................... #list 
....................  
.................... #fuses INTRC,NOMCLR, NOWDT 
.................... //oscilador interno no master clear,no watch dot timer(bucles infinitos) 
.................... #use delay(clock=4M) 
0004:  MOVLW  22
0005:  MOVWF  04
0006:  BCF    03.7
0007:  MOVF   00,W
0008:  BTFSC  03.2
0009:  GOTO   018
000A:  MOVLW  01
000B:  MOVWF  78
000C:  CLRF   77
000D:  DECFSZ 77,F
000E:  GOTO   00D
000F:  DECFSZ 78,F
0010:  GOTO   00C
0011:  MOVLW  4A
0012:  MOVWF  77
0013:  DECFSZ 77,F
0014:  GOTO   013
0015:  GOTO   016
0016:  DECFSZ 00,F
0017:  GOTO   00A
0018:  RETURN
....................  
.................... #use standard_io(B)//configura puertos etc 
....................  
.................... void main(){ 
0019:  MOVF   03,W
001A:  ANDLW  1F
001B:  MOVWF  03
001C:  BSF    03.5
001D:  BSF    0E.3
001E:  MOVLW  07
001F:  BCF    03.5
0020:  MOVWF  1F
0021:  BCF    03.7
....................  
....................    while(true){ 
....................       output_high(pin_b0); 
0022:  BSF    03.5
0023:  BCF    06.0
0024:  BCF    03.5
0025:  BSF    06.0
....................       delay_ms(500); 
0026:  MOVLW  02
0027:  MOVWF  21
0028:  MOVLW  FA
0029:  MOVWF  22
002A:  CALL   004
002B:  DECFSZ 21,F
002C:  GOTO   028
....................       output_low(pin_b0); 
002D:  BSF    03.5
002E:  BCF    06.0
002F:  BCF    03.5
0030:  BCF    06.0
....................       delay_ms(500);  
0031:  MOVLW  02
0032:  MOVWF  21
0033:  MOVLW  FA
0034:  MOVWF  22
0035:  CALL   004
0036:  DECFSZ 21,F
0037:  GOTO   033
0038:  GOTO   022
....................    } 
....................     
....................     
.................... } 
....................  
0039:  SLEEP
....................  

Configuration Fuses:
   Word  1: 3F51   NOWDT PUT INTRC NOMCLR BROWNOUT NOLVP NOCPD NOPROTECT
